2026-01-12 10:51:29,967 - INFO - Scraping URL: https://www.google.com/travel/flights?q=Flights%20to%20Agadir%20from%20Vienna%20on%202026-01-12%20oneway%20non-stop
2026-01-12 10:51:30,500 - INFO - Consent screen cleared.
2026-01-12 10:51:34,657 - INFO - Found 1 flights.
2026-01-12 10:51:34,732 - INFO - Saved 1 flights to csv.
2026-01-12 11:05:28,812 - INFO - Scraping URL: https://www.google.com/travel/flights?q=Flights%20to%20Agadir%20from%20Vienna%20on%202026-01-12%20oneway%20non-stop
2026-01-12 11:05:29,692 - INFO - Consent screen cleared.
2026-01-12 11:05:31,458 - INFO - 'Departure' input clicked.
2026-01-12 11:35:02,165 - INFO - Scraping URL: https://www.google.com/travel/flights?q=Flights%20to%20Agadir%20from%20Vienna%20on%202026-01-12%20oneway%20non-stop
2026-01-12 11:35:02,859 - INFO - Consent screen cleared.
2026-01-12 11:35:04,544 - INFO - 'Departure' input clicked.
2026-01-12 11:35:04,555 - ERROR - Critical error during scrape: local variable 'price' referenced before assignment
2026-01-12 11:37:12,374 - INFO - Scraping URL: https://www.google.com/travel/flights?q=Flights%20to%20Agadir%20from%20Vienna%20on%202026-01-12%20oneway%20non-stop
2026-01-12 11:37:12,995 - INFO - Consent screen cleared.
2026-01-12 11:37:14,688 - INFO - 'Departure' input clicked.
2026-01-12 11:37:55,059 - INFO - Scraping URL: https://www.google.com/travel/flights?q=Flights%20to%20Agadir%20from%20Vienna%20on%202026-01-12%20oneway%20non-stop
2026-01-12 11:37:55,656 - INFO - Consent screen cleared.
2026-01-12 11:37:57,359 - INFO - 'Departure' input clicked.
2026-01-12 11:38:37,952 - INFO - Scraping URL: https://www.google.com/travel/flights?q=Flights%20to%20Agadir%20from%20Vienna%20on%202026-01-12%20oneway%20non-stop
2026-01-12 11:38:38,875 - INFO - Consent screen cleared.
2026-01-12 11:38:40,498 - INFO - 'Departure' input clicked.
2026-01-12 11:39:34,485 - INFO - Scraping URL: https://www.google.com/travel/flights?q=Flights%20to%20Agadir%20from%20Vienna%20on%202026-01-12%20oneway%20non-stop
2026-01-12 11:39:35,482 - INFO - Consent screen cleared.
2026-01-12 11:39:37,198 - INFO - 'Departure' input clicked.
2026-01-12 11:39:37,737 - ERROR - Critical error during scrape: local variable 'price' referenced before assignment
2026-01-12 11:41:52,612 - INFO - Scraping URL: https://www.google.com/travel/flights?q=Flights%20to%20Agadir%20from%20Vienna%20on%202026-01-12%20oneway%20non-stop
2026-01-12 11:41:53,256 - INFO - Consent screen cleared.
2026-01-12 11:41:54,908 - INFO - 'Departure' input clicked.
2026-01-12 11:41:55,446 - ERROR - Critical error during scrape: local variable 'price' referenced before assignment
2026-01-12 11:42:22,606 - INFO - Scraping URL: https://www.google.com/travel/flights?q=Flights%20to%20Agadir%20from%20Vienna%20on%202026-01-12%20oneway%20non-stop
2026-01-12 11:42:23,592 - INFO - Consent screen cleared.
2026-01-12 11:42:25,254 - INFO - 'Departure' input clicked.
2026-01-12 11:43:05,142 - INFO - Scraping URL: https://www.google.com/travel/flights?q=Flights%20to%20Agadir%20from%20Vienna%20on%202026-01-12%20oneway%20non-stop
2026-01-12 11:43:06,052 - INFO - Consent screen cleared.
2026-01-12 11:43:07,733 - INFO - 'Departure' input clicked.
2026-01-12 11:44:02,958 - INFO - Scraping URL: https://www.google.com/travel/flights?q=Flights%20to%20Agadir%20from%20Vienna%20on%202026-01-12%20oneway%20non-stop
2026-01-12 11:44:03,852 - INFO - Consent screen cleared.
2026-01-12 11:44:05,530 - INFO - 'Departure' input clicked.
2026-01-12 11:44:06,068 - ERROR - Critical error during scrape: local variable 'price' referenced before assignment
2026-01-12 11:44:32,391 - INFO - Scraping URL: https://www.google.com/travel/flights?q=Flights%20to%20Agadir%20from%20Vienna%20on%202026-01-12%20oneway%20non-stop
2026-01-12 11:44:33,018 - INFO - Consent screen cleared.
2026-01-12 11:44:34,721 - INFO - 'Departure' input clicked.
2026-01-12 11:44:38,263 - ERROR - Critical error during scrape: local variable 'price' referenced before assignment
2026-01-12 11:45:24,853 - INFO - Scraping URL: https://www.google.com/travel/flights?q=Flights%20to%20Agadir%20from%20Vienna%20on%202026-01-12%20oneway%20non-stop
2026-01-12 11:45:25,429 - INFO - Consent screen cleared.
2026-01-12 11:45:27,178 - INFO - 'Departure' input clicked.
2026-01-12 11:45:30,720 - ERROR - Critical error during scrape: local variable 'price' referenced before assignment
2026-01-12 11:47:22,933 - INFO - Scraping URL: https://www.google.com/travel/flights?q=Flights%20to%20Agadir%20from%20Vienna%20on%202026-01-12%20oneway%20non-stop
2026-01-12 11:47:23,526 - INFO - Consent screen cleared.
2026-01-12 11:47:25,179 - INFO - 'Departure' input clicked.
2026-01-12 11:47:28,714 - ERROR - Critical error during scrape: local variable 'price' referenced before assignment
2026-01-12 11:47:59,005 - INFO - Scraping URL: https://www.google.com/travel/flights?q=Flights%20to%20Agadir%20from%20Vienna%20on%202026-01-12%20oneway%20non-stop
2026-01-12 11:47:59,861 - INFO - Consent screen cleared.
2026-01-12 11:48:01,424 - INFO - 'Departure' input clicked.
2026-01-12 11:48:04,972 - ERROR - Critical error during scrape: local variable 'price' referenced before assignment
2026-01-12 11:48:57,032 - INFO - Scraping URL: https://www.google.com/travel/flights?q=Flights%20to%20Agadir%20from%20Vienna%20on%202026-01-12%20oneway%20non-stop
2026-01-12 11:48:57,826 - INFO - Consent screen cleared.
2026-01-12 11:48:59,364 - INFO - 'Departure' input clicked.
2026-01-12 11:49:09,332 - INFO - Scraping URL: https://www.google.com/travel/flights?q=Flights%20to%20Agadir%20from%20Vienna%20on%202026-01-12%20oneway%20non-stop
2026-01-12 11:49:09,901 - INFO - Consent screen cleared.
2026-01-12 11:49:11,524 - INFO - 'Departure' input clicked.
2026-01-12 11:53:20,062 - INFO - Scraping URL: https://www.google.com/travel/flights?q=Flights%20to%20Agadir%20from%20Vienna%20on%202026-01-12%20oneway%20non-stop
2026-01-12 11:53:20,850 - INFO - Consent screen cleared.
2026-01-12 11:53:22,307 - INFO - 'Departure' input clicked.
2026-01-12 11:57:18,042 - INFO - Scraping URL: https://www.google.com/travel/flights?q=Flights%20to%20Agadir%20from%20Vienna%20on%202026-01-12%20oneway%20non-stop
2026-01-12 11:57:18,845 - INFO - Consent screen cleared.
2026-01-12 11:57:20,508 - INFO - 'Departure' input clicked.
2026-01-12 11:57:24,040 - ERROR - Critical error during scrape: local variable 'current_index' referenced before assignment
2026-01-12 11:58:11,413 - INFO - Scraping URL: https://www.google.com/travel/flights?q=Flights%20to%20Agadir%20from%20Vienna%20on%202026-01-12%20oneway%20non-stop
2026-01-12 11:58:12,370 - INFO - Consent screen cleared.
2026-01-12 11:58:13,900 - INFO - 'Departure' input clicked.
2026-01-12 11:58:40,922 - INFO - Scraping URL: https://www.google.com/travel/flights?q=Flights%20to%20Agadir%20from%20Vienna%20on%202026-01-12%20oneway%20non-stop
2026-01-12 11:58:41,516 - INFO - Consent screen cleared.
2026-01-12 11:58:43,151 - INFO - 'Departure' input clicked.
2026-01-12 12:02:01,900 - INFO - Scraping URL: https://www.google.com/travel/flights?q=Flights%20to%20Agadir%20from%20Vienna%20on%202026-01-12%20oneway%20non-stop
2026-01-12 12:02:02,584 - INFO - Consent screen cleared.
2026-01-12 12:02:04,557 - INFO - 'Departure' input clicked.
2026-01-12 12:15:09,265 - INFO - Scraping URL: https://www.google.com/travel/flights?q=Flights%20to%20Agadir%20from%20Vienna%20on%202026-01-12%20oneway%20non-stop
2026-01-12 12:15:10,014 - INFO - Consent screen cleared.
2026-01-12 12:15:11,649 - INFO - 'Departure' input clicked.
2026-01-12 12:17:15,169 - INFO - Scraping URL: https://www.google.com/travel/flights?q=Flights%20to%20Agadir%20from%20Vienna%20on%202026-01-12%20oneway%20non-stop
2026-01-12 12:17:16,235 - INFO - Consent screen cleared.
2026-01-12 12:17:17,708 - INFO - 'Departure' input clicked.
2026-01-12 12:21:14,867 - INFO - Scraping URL: https://www.google.com/travel/flights?q=Flights%20to%20Agadir%20from%20Vienna%20on%202026-01-12%20oneway%20non-stop
2026-01-12 12:21:15,660 - INFO - Consent screen cleared.
2026-01-12 12:21:17,365 - INFO - 'Departure' input clicked.
2026-01-12 12:27:34,933 - INFO - Scraping URL: https://www.google.com/travel/flights?q=Flights%20to%20Agadir%20from%20Vienna%20on%202026-01-12%20oneway%20non-stop
2026-01-12 12:27:35,916 - INFO - Consent screen cleared.
2026-01-12 12:27:37,658 - INFO - 'Departure' input clicked.
2026-01-12 12:32:58,200 - INFO - Scraping URL: https://www.google.com/travel/flights?q=Flights%20to%20Agadir%20from%20Vienna%20on%202026-01-12%20oneway%20non-stop
2026-01-12 12:32:59,082 - INFO - Consent screen cleared.
2026-01-12 12:33:00,677 - INFO - 'Departure' input clicked.
2026-01-12 12:33:00,692 - ERROR - Critical error during scrape: Message: no such element: Unable to locate element: {"method":"css selector","selector":"div[role='rowgroup']"}
  (Session info: chrome=111.0.5563.146); For documentation on this error, please visit: https://www.selenium.dev/documentation/webdriver/troubleshooting/errors#nosuchelementexception
Stacktrace:
#0 0x5595dab9c243 <unknown>
#1 0x5595da9607a6 <unknown>
#2 0x5595da99d64d <unknown>
#3 0x5595da99d761 <unknown>
#4 0x5595da9d8da4 <unknown>
#5 0x5595da9be0ad <unknown>
#6 0x5595da9d6932 <unknown>
#7 0x5595da9bde53 <unknown>
#8 0x5595da9909ea <unknown>
#9 0x5595da991b2e <unknown>
#10 0x5595dabf0d5e <unknown>
#11 0x5595dabf4a80 <unknown>
#12 0x5595dabd68b0 <unknown>
#13 0x5595dabf5b63 <unknown>
#14 0x5595dabc7f75 <unknown>
#15 0x5595dac18998 <unknown>
#16 0x5595dac18b27 <unknown>
#17 0x5595dac33c23 <unknown>
#18 0x710282894ac3 <unknown>

2026-01-12 12:34:15,424 - INFO - Scraping URL: https://www.google.com/travel/flights?q=Flights%20to%20Agadir%20from%20Vienna%20on%202026-01-12%20oneway%20non-stop
2026-01-12 12:34:16,301 - INFO - Consent screen cleared.
2026-01-12 12:34:17,843 - INFO - 'Departure' input clicked.
2026-01-12 12:34:33,786 - ERROR - Critical error during scrape: Message: 

2026-01-12 12:35:49,962 - INFO - Scraping URL: https://www.google.com/travel/flights?q=Flights%20to%20Agadir%20from%20Vienna%20on%202026-01-12%20oneway%20non-stop
2026-01-12 12:35:50,577 - INFO - Consent screen cleared.
2026-01-12 12:35:52,259 - INFO - 'Departure' input clicked.
2026-01-12 12:39:09,200 - INFO - Scraping URL: https://www.google.com/travel/flights?q=Flights%20to%20Agadir%20from%20Vienna%20on%202026-01-12%20oneway%20non-stop
2026-01-12 12:39:09,762 - INFO - Consent screen cleared.
2026-01-12 12:39:11,593 - INFO - 'Departure' input clicked.
2026-01-12 12:39:21,885 - ERROR - Critical error during scrape: Message: 

2026-01-12 12:41:52,341 - INFO - Scraping URL: https://www.google.com/travel/flights?q=Flights%20to%20Agadir%20from%20Vienna%20on%202026-01-12%20oneway%20non-stop
2026-01-12 12:41:53,067 - INFO - Consent screen cleared.
2026-01-12 12:41:54,875 - INFO - 'Departure' input clicked.
2026-01-12 12:42:05,180 - ERROR - Critical error during scrape: Message: 

2026-01-12 12:42:29,952 - INFO - Scraping URL: https://www.google.com/travel/flights?q=Flights%20to%20Agadir%20from%20Vienna%20on%202026-01-12%20oneway%20non-stop
2026-01-12 12:42:30,770 - INFO - Consent screen cleared.
2026-01-12 12:42:32,488 - INFO - 'Departure' input clicked.
2026-01-12 12:42:42,782 - ERROR - Critical error during scrape: Message: 

2026-01-12 12:42:52,687 - INFO - Scraping URL: https://www.google.com/travel/flights?q=Flights%20to%20Agadir%20from%20Vienna%20on%202026-01-12%20oneway%20non-stop
2026-01-12 12:42:53,288 - INFO - Consent screen cleared.
2026-01-12 12:42:55,012 - INFO - 'Departure' input clicked.
2026-01-12 12:43:05,299 - ERROR - Critical error during scrape: Message: 

2026-01-12 12:43:24,542 - INFO - Scraping URL: https://www.google.com/travel/flights?q=Flights%20to%20Agadir%20from%20Vienna%20on%202026-01-12%20oneway%20non-stop
2026-01-12 12:43:25,160 - INFO - Consent screen cleared.
2026-01-12 12:43:27,116 - INFO - 'Departure' input clicked.
2026-01-12 12:43:37,416 - ERROR - Critical error during scrape: Message: 

2026-01-12 12:44:44,361 - INFO - Scraping URL: https://www.google.com/travel/flights?q=Flights%20to%20Agadir%20from%20Vienna%20on%202026-01-12%20oneway%20non-stop
2026-01-12 12:44:45,216 - INFO - Consent screen cleared.
2026-01-12 12:44:47,073 - INFO - 'Departure' input clicked.
2026-01-12 12:44:57,452 - ERROR - Critical error during scrape: Message: 

2026-01-12 12:45:33,598 - INFO - Scraping URL: https://www.google.com/travel/flights?q=Flights%20to%20Agadir%20from%20Vienna%20on%202026-01-12%20oneway%20non-stop
2026-01-12 12:45:34,452 - INFO - Consent screen cleared.
2026-01-12 12:45:36,180 - INFO - 'Departure' input clicked.
2026-01-12 12:52:01,394 - INFO - Scraping URL: https://www.google.com/travel/flights?q=Flights%20to%20Agadir%20from%20Vienna%20on%202026-01-12%20oneway%20non-stop
2026-01-12 12:52:02,185 - INFO - Consent screen cleared.
2026-01-12 12:52:03,683 - INFO - 'Departure' input clicked.
2026-01-12 12:56:19,102 - INFO - Scraping URL: https://www.google.com/travel/flights?q=Flights%20to%20Agadir%20from%20Vienna%20on%202026-01-12%20oneway%20non-stop
2026-01-12 12:56:20,097 - INFO - Consent screen cleared.
2026-01-12 12:56:21,736 - INFO - 'Departure' input clicked.
2026-01-12 12:57:50,578 - INFO - Scraping URL: https://www.google.com/travel/flights?q=Flights%20to%20Agadir%20from%20Vienna%20on%202026-01-12%20oneway%20non-stop
2026-01-12 12:57:51,603 - INFO - Consent screen cleared.
2026-01-12 12:57:53,294 - INFO - 'Departure' input clicked.
2026-01-12 12:58:51,891 - INFO - Scraping URL: https://www.google.com/travel/flights?q=Flights%20to%20Agadir%20from%20Vienna%20on%202026-01-12%20oneway%20non-stop
2026-01-12 12:58:52,801 - INFO - Consent screen cleared.
2026-01-12 12:58:54,343 - INFO - 'Departure' input clicked.
2026-01-12 13:14:39,667 - INFO - Scraping URL: https://www.google.com/travel/flights?q=Flights%20to%20Agadir%20from%20Vienna%20on%202026-01-12%20oneway%20non-stop
2026-01-12 13:14:40,370 - INFO - Consent screen cleared.
2026-01-12 13:14:42,220 - INFO - 'Departure' input clicked.
2026-01-12 13:14:42,220 - INFO - Executing 10 clicks...
2026-01-12 13:15:02,535 - INFO - Clicks finished. Waiting for final render...
2026-01-12 13:15:04,561 - INFO - Total elements found in HTML: 365
2026-01-12 13:15:11,534 - INFO - Saved 365 flights to csv.
2026-01-12 13:20:29,007 - INFO - Scraping URL: https://www.google.com/travel/flights?q=Flights%20to%20Agadir%20from%20Vienna%20on%202026-01-12%20oneway%20non-stop
2026-01-12 13:20:29,675 - INFO - Consent screen cleared.
2026-01-12 13:20:31,325 - INFO - 'Departure' input clicked.
2026-01-12 13:20:31,325 - INFO - Executing 10 clicks...
2026-01-12 13:20:52,119 - INFO - Clicks finished. Waiting for final render...
2026-01-12 13:20:54,142 - INFO - Total elements found in HTML: 365
2026-01-12 13:21:01,073 - INFO - Saved 365 flights to csv.
2026-01-12 13:25:15,733 - INFO - Scraping URL: https://www.google.com/travel/flights?q=Flights%20to%20Agadir%20from%20Vienna%20on%202026-01-12%20oneway%20non-stop
2026-01-12 13:25:16,307 - INFO - Consent screen cleared.
2026-01-12 13:25:18,005 - INFO - 'Departure' input clicked.
2026-01-12 13:25:18,005 - INFO - Executing 10 clicks...
2026-01-12 13:25:28,854 - INFO - Clicks finished. Waiting for final render...
2026-01-12 13:25:29,877 - INFO - Total elements found in HTML: 365
2026-01-12 13:25:36,996 - INFO - Saved 365 flights to csv.
2026-01-12 13:27:56,391 - INFO - Scraping URL: https://www.google.com/travel/flights?q=Flights%20to%20Agadir%20from%20Vienna%20on%202026-01-12%20oneway%20non-stop
2026-01-12 13:27:57,103 - INFO - Consent screen cleared.
2026-01-12 13:28:06,158 - INFO - Scraping URL: https://www.google.com/travel/flights?q=Flights%20to%20Agadir%20from%20Vienna%20on%202026-01-12%20oneway%20non-stop
2026-01-12 13:28:06,800 - INFO - Consent screen cleared.
2026-01-12 13:28:08,414 - INFO - 'Departure' input clicked.
2026-01-12 13:28:08,414 - INFO - Executing 10 clicks...
2026-01-12 13:28:19,257 - INFO - Clicks finished. Waiting for final render...
2026-01-12 13:28:20,278 - INFO - Total elements found in HTML: 365
2026-01-12 13:28:27,684 - INFO - Saved 365 flights to csv.
2026-01-12 13:32:14,563 - INFO - Scraping URL: https://www.google.com/travel/flights?q=Flights%20to%20Agadir%20from%20Vienna%20on%202026-01-01%20oneway%20non-stop
2026-01-12 13:32:15,218 - INFO - Consent screen cleared.
2026-01-12 13:32:16,708 - INFO - 'Departure' input clicked.
2026-01-12 13:32:16,708 - INFO - Executing 10 clicks for all months to load...
2026-01-12 13:32:27,503 - INFO - Clicks finished. Waiting for final render...
2026-01-12 13:32:28,525 - INFO - Total elements found in HTML: 365
2026-01-12 13:32:35,466 - INFO - Saved 365 flights to csv.
2026-01-12 13:35:12,608 - INFO - Scraping URL: https://www.google.com/travel/flights?q=Flights%20to%20Agadir%20from%20Vienna%20on%202026-01-12%20oneway%20non-stop
2026-01-12 13:35:13,230 - INFO - Consent screen cleared.
2026-01-12 13:35:14,994 - INFO - 'Departure' input clicked.
2026-01-12 13:35:14,994 - INFO - Executing 10 clicks for all months to load...
2026-01-12 13:35:25,289 - INFO - Clicks finished. Waiting for final render...
2026-01-12 13:35:26,316 - INFO - Total elements found in HTML: 365
2026-01-12 13:35:33,613 - INFO - Saved 365 flights to csv.
2026-01-12 13:38:39,994 - INFO - Scraping URL: https://www.google.com/travel/flights?q=Flights%20to%20Agadir%20from%20Vienna%20on%202026-06-01%20oneway%20non-stop
2026-01-12 13:38:40,621 - INFO - Consent screen cleared.
2026-01-12 13:38:42,617 - INFO - 'Departure' input clicked.
2026-01-12 13:38:42,617 - INFO - Executing 10 clicks for all months to load...
2026-01-12 13:39:03,174 - WARNING - Stopped at click 6: Message: 

2026-01-12 13:39:03,174 - INFO - Clicks finished. Waiting for final render...
2026-01-12 13:39:04,198 - INFO - Total elements found in HTML: 365
2026-01-12 13:39:11,419 - INFO - Saved 365 flights to csv.
2026-01-12 13:40:58,370 - INFO - Scraping URL: https://www.google.com/travel/flights?q=Flights%20to%20Agadir%20from%20Vienna%20on%202026-01-12%20oneway%20non-stop
2026-01-12 13:40:59,257 - INFO - Consent screen cleared.
2026-01-12 13:41:00,742 - INFO - 'Departure' input clicked.
2026-01-12 13:41:00,742 - INFO - Executing 10 clicks for all months to load...
2026-01-12 13:41:11,030 - INFO - Clicks finished. Waiting for final render...
2026-01-12 13:41:12,057 - INFO - Total elements found in HTML: 365
2026-01-12 13:41:19,072 - INFO - Saved 365 flights to csv.
2026-01-12 14:05:40,245 - INFO - Scraping URL: https://www.google.com/travel/flights?q=Flights%20to%20Agadir%20from%20Vienna%20on%202026-01-12%20oneway%20non-stop
2026-01-12 14:05:41,269 - INFO - Consent screen cleared.
2026-01-12 14:05:42,971 - INFO - 'Departure' input clicked.
2026-01-12 14:05:42,971 - INFO - Executing 10 clicks for all months to load...
2026-01-12 14:05:53,295 - INFO - Clicks finished. Waiting for final render...
2026-01-12 14:05:54,316 - INFO - Total elements found in HTML: 365
2026-01-12 14:06:47,183 - INFO - Scraping URL: https://www.google.com/travel/flights?q=Flights%20to%20Agadir%20from%20Vienna%20on%202026-01-12%20oneway%20non-stop
2026-01-12 14:06:48,068 - INFO - Consent screen cleared.
2026-01-12 14:06:49,392 - INFO - 'Departure' input clicked.
2026-01-12 14:06:49,392 - INFO - Executing 10 clicks for all months to load...
2026-01-12 14:07:00,190 - INFO - Clicks finished. Waiting for final render...
2026-01-12 14:07:01,213 - INFO - Total elements found in HTML: 365
2026-01-12 14:08:54,023 - INFO - Scraping URL: https://www.google.com/travel/flights?q=Flights%20to%20Agadir%20from%20Vienna%20on%202026-01-12%20oneway%20non-stop
2026-01-12 14:08:54,643 - INFO - Consent screen cleared.
2026-01-12 14:08:56,671 - INFO - 'Departure' input clicked.
2026-01-12 14:08:56,672 - INFO - Executing 10 clicks for all months to load...
2026-01-12 14:09:06,946 - INFO - Clicks finished. Waiting for final render...
2026-01-12 14:09:07,969 - INFO - Total elements found in HTML: 365
2026-01-12 14:10:51,477 - INFO - Scraping URL: https://www.google.com/travel/flights?q=Flights%20to%20Agadir%20from%20Vienna%20on%202026-01-12%20oneway%20non-stop
2026-01-12 14:10:52,389 - INFO - Consent screen cleared.
2026-01-12 14:10:54,175 - INFO - 'Departure' input clicked.
2026-01-12 14:10:54,175 - INFO - Executing 10 clicks for all months to load...
2026-01-12 14:11:04,440 - INFO - Clicks finished. Waiting for final render...
2026-01-12 14:11:05,465 - INFO - Total elements found in HTML: 365
2026-01-12 14:12:48,727 - INFO - Scraping URL: https://www.google.com/travel/flights?q=Flights%20to%20Agadir%20from%20Vienna%20on%202026-01-12%20oneway%20non-stop
2026-01-12 14:12:49,424 - INFO - Consent screen cleared.
2026-01-12 14:12:51,544 - INFO - 'Departure' input clicked.
2026-01-12 14:12:51,545 - INFO - Executing 10 clicks for all months to load...
2026-01-12 14:13:01,826 - INFO - Clicks finished. Waiting for final render...
2026-01-12 14:13:02,849 - INFO - Total elements found in HTML: 365
2026-01-12 14:13:57,199 - INFO - Scraping URL: https://www.google.com/travel/flights?q=Flights%20to%20Agadir%20from%20Vienna%20on%202026-01-12%20oneway%20non-stop
2026-01-12 14:13:58,047 - INFO - Consent screen cleared.
2026-01-12 14:13:59,636 - INFO - 'Departure' input clicked.
2026-01-12 14:13:59,636 - INFO - Executing 10 clicks for all months to load...
2026-01-12 14:14:10,507 - INFO - Clicks finished. Waiting for final render...
2026-01-12 14:14:11,527 - INFO - Total elements found in HTML: 365
2026-01-12 14:14:18,658 - INFO - Scraping URL: https://www.google.com/travel/flights?q=Flights%20to%20Stockholm%20from%20Vienna%20on%202026-01-12%20oneway%20non-stop
2026-01-12 14:14:19,333 - INFO - Consent screen cleared.
2026-01-12 14:14:20,860 - INFO - 'Departure' input clicked.
2026-01-12 14:14:20,861 - INFO - Executing 10 clicks for all months to load...
2026-01-12 14:14:31,655 - INFO - Clicks finished. Waiting for final render...
2026-01-12 14:14:32,677 - INFO - Total elements found in HTML: 365
2026-01-12 14:18:12,970 - INFO - Scraping URL: https://www.google.com/travel/flights?q=Flights%20to%20Agadir%20from%20Vienna%20on%202026-01-12%20oneway%20non-stop
2026-01-12 14:18:13,642 - INFO - Consent screen cleared.
2026-01-12 14:18:15,812 - INFO - 'Departure' input clicked.
2026-01-12 14:18:15,812 - INFO - Executing 10 clicks for all months to load...
2026-01-12 14:18:26,088 - INFO - Clicks finished. Waiting for final render...
2026-01-12 14:18:27,109 - INFO - Total elements found in HTML: 365
2026-01-12 14:18:34,328 - INFO - Scraping URL: https://www.google.com/travel/flights?q=Flights%20to%20Stockholm%20from%20Vienna%20on%202026-01-12%20oneway%20non-stop
2026-01-12 14:18:35,020 - INFO - Consent screen cleared.
2026-01-12 14:18:37,198 - INFO - 'Departure' input clicked.
2026-01-12 14:18:37,198 - INFO - Executing 10 clicks for all months to load...
2026-01-12 14:18:47,480 - INFO - Clicks finished. Waiting for final render...
2026-01-12 14:18:48,503 - INFO - Total elements found in HTML: 365
2026-01-12 14:20:39,839 - INFO - Scraping URL: https://www.google.com/travel/flights?q=Flights%20to%20Agadir%20from%20Vienna%20on%202026-01-12%20oneway%20non-stop
2026-01-12 14:20:40,703 - INFO - Consent screen cleared.
2026-01-12 14:20:42,878 - INFO - 'Departure' input clicked.
2026-01-12 14:20:42,878 - INFO - Executing 10 clicks for all months to load...
2026-01-12 14:20:53,147 - INFO - Clicks finished. Waiting for final render...
2026-01-12 14:20:56,169 - INFO - Total elements found in HTML: 365
2026-01-12 14:21:03,278 - INFO - Scraping URL: https://www.google.com/travel/flights?q=Flights%20to%20Stockholm%20from%20Vienna%20on%202026-01-12%20oneway%20non-stop
2026-01-12 14:21:03,882 - INFO - Consent screen cleared.
2026-01-12 14:21:06,054 - INFO - 'Departure' input clicked.
2026-01-12 14:21:06,054 - INFO - Executing 10 clicks for all months to load...
2026-01-12 14:21:16,337 - INFO - Clicks finished. Waiting for final render...
2026-01-12 14:21:19,360 - INFO - Total elements found in HTML: 365
